0 silly argv {
0 silly argv   _: [ 'version' ],
0 silly argv   lernaVersion: '3.22.1',
0 silly argv   '$0': '/Users/lshay/dev/personal/lerna-test/node_modules/.bin/lerna'
0 silly argv }
1 notice cli v3.22.1
2 verbose rootPath /Users/lshay/dev/personal/lerna-test
3 info versioning independent
4 silly isAnythingCommitted
5 verbose isAnythingCommitted 1
6 silly currentBranch
7 verbose currentBranch master
8 silly remoteBranchExists
9 silly isBehindUpstream
10 silly isBehindUpstream master is behind origin/master by 0 commit(s) and ahead by 1
11 silly hasTags
12 verbose hasTags true
13 silly git-describe.sync "@lukeshay/package-one@9.0.0-4-g9567d6a" => {"lastTagName":"@lukeshay/package-one@9.0.0","lastVersion":"9.0.0","refCount":"4","sha":"9567d6a","isDirty":false}
14 info Looking for changed packages since @lukeshay/package-one@9.0.0
15 info ignoring diff in paths matching [
15 info ignoring diff in paths matching   '*.md',
15 info ignoring diff in paths matching   '*.txt',
15 info ignoring diff in paths matching   'test/**',
15 info ignoring diff in paths matching   '**/test/**',
15 info ignoring diff in paths matching   '@(!(native-modules|built-ins|plugins|package)).json'
15 info ignoring diff in paths matching ]
16 silly checking diff packages/package-one
17 silly no diff found in @lukeshay/package-one
18 silly checking diff packages/package-two
19 silly found diff in packages/package-two/1
20 verbose filtered diff [ 'packages/package-two/1' ]
21 verbose updated @lukeshay/package-two
22 verbose git-describe undefined => "@lukeshay/package-one@9.0.0-4-g9567d6a"
23 silly git-describe parsed => {"lastTagName":"@lukeshay/package-one@9.0.0","lastVersion":"9.0.0","refCount":"4","sha":"9567d6a","isDirty":false}
24 silly independent for @lukeshay/package-two at /Users/lshay/dev/personal/lerna-test/packages/package-two
25 verbose getChangelogConfig using preset "conventional-changelog-angular"
26 silly npa Result {
26 silly npa   type: 'tag',
26 silly npa   registry: true,
26 silly npa   where: undefined,
26 silly npa   raw: 'conventional-changelog-angular',
26 silly npa   name: 'conventional-changelog-angular',
26 silly npa   escapedName: 'conventional-changelog-angular',
26 silly npa   scope: undefined,
26 silly npa   rawSpec: '',
26 silly npa   saveSpec: null,
26 silly npa   fetchSpec: 'latest',
26 silly npa   gitRange: undefined,
26 silly npa   gitCommittish: undefined,
26 silly npa   hosted: undefined
26 silly npa }
27 verbose getChangelogConfig Attempting to resolve preset "conventional-changelog-angular"
28 info getChangelogConfig Successfully resolved preset "conventional-changelog-angular"
29 verbose independent increment 1.0.13 by patch
30 info auto-confirmed
31 info execute Skipping releases
32 warn lifecycle Skipping root "preversion" because it has already been called
33 silly lifecycle No script for "preversion" in "@lukeshay/package-two", continuing
34 silly lifecycle No script for "version" in "@lukeshay/package-two", continuing
35 silly independent for @lukeshay/package-two at /Users/lshay/dev/personal/lerna-test/packages/package-two
36 silly independent writing new entry: "## [1.0.14](https://github.com/lukeshay-sa/lerna-practice/compare/@lukeshay/package-two@1.0.12...@lukeshay/package-two@1.0.14) (2020-06-17)\n\n\n### Bug Fixes\n\n* file ([9567d6a](https://github.com/lukeshay-sa/lerna-practice/commit/9567d6a4dcfcee1ab5bab2fb06f06250d6a6faca))\n\n\n\n"
37 verbose independent wrote /Users/lshay/dev/personal/lerna-test/packages/package-two/CHANGELOG.md
38 warn lifecycle Skipping root "version" because it has already been called
39 silly gitAdd [
39 silly gitAdd   'packages/package-two/package.json',
39 silly gitAdd   'packages/package-two/package-lock.json',
39 silly gitAdd   'packages/package-two/CHANGELOG.md'
39 silly gitAdd ]
40 silly gitCommit Publish
40 silly gitCommit
40 silly gitCommit  - @lukeshay/package-two@1.0.14
41 verbose git [
41 verbose git   'commit',
41 verbose git   '-F',
41 verbose git   '/private/var/folders/20/6r7qxcb167g579sn7bpgty8m0000gp/T/676b216d-9752-43ca-b882-4b5fa055e4ae/lerna-commit.txt'
41 verbose git ]
42 error Error: Command failed: git commit -F /private/var/folders/20/6r7qxcb167g579sn7bpgty8m0000gp/T/676b216d-9752-43ca-b882-4b5fa055e4ae/lerna-commit.txt
42 error husky > commit-msg (node v12.18.0)
42 error ⧗   input: Publish
42 error
42 error  - @lukeshay/package-two@1.0.14
42 error ✖   subject may not be empty [subject-empty]
42 error ✖   type may not be empty [type-empty]
42 error
42 error ✖   found 2 problems, 0 warnings
42 error ⓘ   Get help: https://github.com/conventional-changelog/commitlint/#what-is-commitlint
42 error
42 error husky > commit-msg hook failed (add --no-verify to bypass)
42 error
42 error     at makeError (/Users/lshay/dev/personal/lerna-test/node_modules/execa/index.js:174:9)
42 error     at /Users/lshay/dev/personal/lerna-test/node_modules/execa/index.js:278:16
42 error     at processTicksAndRejections (internal/process/task_queues.js:97:5)
